Using pre-set license
Built from '2020.2/staging' branch; Version is '2020.2.3f1 (8ff31bc5bf5b) revision 9433883'; Using compiler version '192528614'; Build Type 'Release'
OS: 'Windows 10 Pro; OS build 19042.867; Version 2009; 64bit' Language: 'es' Physical Memory: 16301 MB
BatchMode: 1, IsHumanControllingUs: 0, StartBugReporterOnCrash: 0, Is64bit: 1, IsPro: 0

 COMMAND LINE ARGUMENTS:
C:\Program Files\Unity\Hub\Editor\2020.2.3f1\Editor\Unity.exe
-adb2
-batchMode
-noUpm
-name
AssetImportWorker0
-projectPath
C:/Users/gonch/Documents/GitHub/FactoryMethod/Factory Pattern
-logFile
Logs/AssetImportWorker0.log
-srvPort
57702
Successfully changed project path to: C:/Users/gonch/Documents/GitHub/FactoryMethod/Factory Pattern
C:/Users/gonch/Documents/GitHub/FactoryMethod/Factory Pattern
Using Asset Import Pipeline V2.
Refreshing native plugins compatible for Editor in 24.56 ms, found 1 plugins.
Preloading 0 native plugins for Editor in 0.00 ms.
Initialize engine version: 2020.2.3f1 (8ff31bc5bf5b)
[Subsystems] Discovering subsystems at path C:/Program Files/Unity/Hub/Editor/2020.2.3f1/Editor/Data/Resources/UnitySubsystems
[Subsystems] Discovering subsystems at path C:/Users/gonch/Documents/GitHub/FactoryMethod/Factory Pattern/Assets
GfxDevice: creating device client; threaded=0
Direct3D:
    Version:  Direct3D 11.0 [level 11.1]
    Renderer: NVIDIA GeForce GTX 1060 6GB (ID=0x1c03)
    Vendor:   
    VRAM:     6052 MB
    Driver:   27.21.14.6140
Initialize mono
Mono path[0] = 'C:/Program Files/Unity/Hub/Editor/2020.2.3f1/Editor/Data/Managed'
Mono path[1] = 'C:/Program Files/Unity/Hub/Editor/2020.2.3f1/Editor/Data/MonoBleedingEdge/lib/mono/unityjit'
Mono config path = 'C:/Program Files/Unity/Hub/Editor/2020.2.3f1/Editor/Data/MonoBleedingEdge/etc'
Using monoOptions --debugger-agent=transport=dt_socket,embedding=1,server=y,suspend=n,address=127.0.0.1:56052
Begin MonoManager ReloadAssembly
Registering precompiled unity dll's ...
Register platform support module: C:/Program Files/Unity/Hub/Editor/2020.2.3f1/Editor/Data/PlaybackEngines/WindowsStandaloneSupport/UnityEditor.WindowsStandalone.Extensions.dll
Registered in 0.001449 seconds.
Native extension for WindowsStandalone target not found
Refreshing native plugins compatible for Editor in 24.69 ms, found 1 plugins.
Preloading 0 native plugins for Editor in 0.00 ms.
Invoked RoslynAnalysisRunner static constructor.
RoslynAnalysisRunner will not be running.
RoslynAnalysisRunner has terminated.
Mono: successfully reloaded assembly
- Completed reload, in  1.261 seconds
Platform modules already initialized, skipping
Registering precompiled user dll's ...
Registered in 0.000592 seconds.
Begin MonoManager ReloadAssembly
Native extension for WindowsStandalone target not found
Refreshing native plugins compatible for Editor in 24.81 ms, found 1 plugins.
Preloading 0 native plugins for Editor in 0.00 ms.
Invoked RoslynAnalysisRunner static constructor.
RoslynAnalysisRunner will not be running.
RoslynAnalysisRunner has terminated.
Mono: successfully reloaded assembly
- Completed reload, in  0.589 seconds
Platform modules already initialized, skipping
========================================================================
Worker process is ready to serve import requests
Launched and connected shader compiler UnityShaderCompiler.exe after 0.03 seconds
Refreshing native plugins compatible for Editor in 0.35 ms, found 1 plugins.
Preloading 0 native plugins for Editor in 0.00 ms.
Unloading 1796 Unused Serialized files (Serialized files now loaded: 0)
System memory in use before: 84.3 MB.
System memory in use after: 84.3 MB.

Unloading 24 unused Assets to reduce memory usage. Loaded Objects now: 2238.
Total: 2.063300 ms (FindLiveObjects: 0.218400 ms CreateObjectMapping: 0.079700 ms MarkObjects: 1.658800 ms  DeleteObjects: 0.105700 ms)

========================================================================
Received Import Request.
  path: Assets/PowerUpFactory.cs
  artifactKey: Guid(8f9a713f9ab8e5340af0eeb9ab9a2d1a) Importer(815301076,1909f56bfc062723c751e8b465ee728b)
Start importing Assets/PowerUpFactory.cs using Guid(8f9a713f9ab8e5340af0eeb9ab9a2d1a) Importer(815301076,1909f56bfc062723c751e8b465ee728b)  -> (artifact id: '5aa7f2887bc03c59aed30b68251055f5') in 0.019263 seconds
  Import took 0.021737 seconds .

========================================================================
Received Import Request.
  Time since last request: 1.332506 seconds.
  path: Assets/PowerUpFactory.cs
  artifactKey: Guid(8f9a713f9ab8e5340af0eeb9ab9a2d1a) Importer(815301076,1909f56bfc062723c751e8b465ee728b)
Start importing Assets/PowerUpFactory.cs using Guid(8f9a713f9ab8e5340af0eeb9ab9a2d1a) Importer(815301076,1909f56bfc062723c751e8b465ee728b)  -> (artifact id: 'ac79a007fea8e1f25a2d81c0d588a591') in 0.002204 seconds
  Import took 0.005054 seconds .

========================================================================
Received Import Request.
  Time since last request: 0.000882 seconds.
  path: Assets/PowerUpFactory.cs
  artifactKey: Guid(8f9a713f9ab8e5340af0eeb9ab9a2d1a) Importer(815301076,1909f56bfc062723c751e8b465ee728b)
Start importing Assets/PowerUpFactory.cs using Guid(8f9a713f9ab8e5340af0eeb9ab9a2d1a) Importer(815301076,1909f56bfc062723c751e8b465ee728b)  -> (artifact id: 'ac79a007fea8e1f25a2d81c0d588a591') in 0.001742 seconds
  Import took 0.003240 seconds .

========================================================================
Received Import Request.
  Time since last request: 162.829038 seconds.
  path: Assets/PowerUpFactory.cs
  artifactKey: Guid(8f9a713f9ab8e5340af0eeb9ab9a2d1a) Importer(815301076,1909f56bfc062723c751e8b465ee728b)
Start importing Assets/PowerUpFactory.cs using Guid(8f9a713f9ab8e5340af0eeb9ab9a2d1a) Importer(815301076,1909f56bfc062723c751e8b465ee728b)  -> (artifact id: '1c70581a556f1d6504f789aa142ea5e8') in 0.002373 seconds
  Import took 0.005272 seconds .

========================================================================
Received Import Request.
  Time since last request: 0.000840 seconds.
  path: Assets/PowerUpFactory.cs
  artifactKey: Guid(8f9a713f9ab8e5340af0eeb9ab9a2d1a) Importer(815301076,1909f56bfc062723c751e8b465ee728b)
Start importing Assets/PowerUpFactory.cs using Guid(8f9a713f9ab8e5340af0eeb9ab9a2d1a) Importer(815301076,1909f56bfc062723c751e8b465ee728b)  -> (artifact id: '1c70581a556f1d6504f789aa142ea5e8') in 0.001859 seconds
  Import took 0.003491 seconds .

========================================================================
Received Import Request.
  Time since last request: 29.966595 seconds.
  path: Assets/PowerUpFactory.cs
  artifactKey: Guid(8f9a713f9ab8e5340af0eeb9ab9a2d1a) Importer(815301076,1909f56bfc062723c751e8b465ee728b)
Start importing Assets/PowerUpFactory.cs using Guid(8f9a713f9ab8e5340af0eeb9ab9a2d1a) Importer(815301076,1909f56bfc062723c751e8b465ee728b)  -> (artifact id: '0251f0d8c7efac0acf656edc687321ef') in 0.002224 seconds
  Import took 0.004420 seconds .

========================================================================
Received Import Request.
  Time since last request: 0.000526 seconds.
  path: Assets/PowerUpFactory.cs
  artifactKey: Guid(8f9a713f9ab8e5340af0eeb9ab9a2d1a) Importer(815301076,1909f56bfc062723c751e8b465ee728b)
Start importing Assets/PowerUpFactory.cs using Guid(8f9a713f9ab8e5340af0eeb9ab9a2d1a) Importer(815301076,1909f56bfc062723c751e8b465ee728b)  -> (artifact id: '0251f0d8c7efac0acf656edc687321ef') in 0.001709 seconds
  Import took 0.003219 seconds .

========================================================================
Received Prepare
Registering precompiled user dll's ...
Registered in 0.000569 seconds.
Begin MonoManager ReloadAssembly
Native extension for WindowsStandalone target not found
Refreshing native plugins compatible for Editor in 0.36 ms, found 1 plugins.
Preloading 0 native plugins for Editor in 0.00 ms.
Invoked RoslynAnalysisRunner static constructor.
RoslynAnalysisRunner will not be running.
RoslynAnalysisRunner has terminated.
Mono: successfully reloaded assembly
- Completed reload, in  0.520 seconds
Platform modules already initialized, skipping
Refreshing native plugins compatible for Editor in 0.29 ms, found 1 plugins.
Preloading 0 native plugins for Editor in 0.00 ms.
Unloading 1791 Unused Serialized files (Serialized files now loaded: 0)
System memory in use before: 84.3 MB.
System memory in use after: 84.3 MB.

Unloading 12 unused Assets to reduce memory usage. Loaded Objects now: 2241.
Total: 1.600600 ms (FindLiveObjects: 0.155300 ms CreateObjectMapping: 0.043100 ms MarkObjects: 1.332300 ms  DeleteObjects: 0.068800 ms)

========================================================================
Received Prepare
Registering precompiled user dll's ...
Registered in 0.000770 seconds.
Begin MonoManager ReloadAssembly
Native extension for WindowsStandalone target not found
Refreshing native plugins compatible for Editor in 0.36 ms, found 1 plugins.
Preloading 0 native plugins for Editor in 0.00 ms.
Invoked RoslynAnalysisRunner static constructor.
RoslynAnalysisRunner will not be running.
RoslynAnalysisRunner has terminated.
Mono: successfully reloaded assembly
- Completed reload, in  0.527 seconds
Platform modules already initialized, skipping
Refreshing native plugins compatible for Editor in 0.25 ms, found 1 plugins.
Preloading 0 native plugins for Editor in 0.00 ms.
Unloading 1791 Unused Serialized files (Serialized files now loaded: 0)
System memory in use before: 84.3 MB.
System memory in use after: 84.3 MB.

Unloading 12 unused Assets to reduce memory usage. Loaded Objects now: 2244.
Total: 1.698700 ms (FindLiveObjects: 0.193300 ms CreateObjectMapping: 0.043000 ms MarkObjects: 1.396100 ms  DeleteObjects: 0.065700 ms)

========================================================================
Received Prepare
Registering precompiled user dll's ...
Registered in 0.000590 seconds.
Begin MonoManager ReloadAssembly
Native extension for WindowsStandalone target not found
Refreshing native plugins compatible for Editor in 0.37 ms, found 1 plugins.
Preloading 0 native plugins for Editor in 0.00 ms.
Invoked RoslynAnalysisRunner static constructor.
RoslynAnalysisRunner will not be running.
RoslynAnalysisRunner has terminated.
Mono: successfully reloaded assembly
- Completed reload, in  0.544 seconds
Platform modules already initialized, skipping
Refreshing native plugins compatible for Editor in 0.30 ms, found 1 plugins.
Preloading 0 native plugins for Editor in 0.00 ms.
Unloading 1791 Unused Serialized files (Serialized files now loaded: 0)
System memory in use before: 84.4 MB.
System memory in use after: 84.3 MB.

Unloading 12 unused Assets to reduce memory usage. Loaded Objects now: 2247.
Total: 1.876900 ms (FindLiveObjects: 0.159900 ms CreateObjectMapping: 0.050100 ms MarkObjects: 1.581600 ms  DeleteObjects: 0.084600 ms)

